
                                      ARENA Simulation Results
                                         Usuario de Windows

                                  Summary for Replication 1 of 1

Project: Unnamed Project                                             Run execution date : 1/29/2019
Analyst: Jorge_Molina92@hotmail.com                                  Model revision date: 1/29/2019

Replication ended at time      : 62.5 Hours 
Statistics were cleared at time: 24.0 Hours (Wednesday, January 30, 2019, 00:00:00)
Statistics accumulated for time: 38.5 Hours
Base Time Units: Hours

                                           TALLY VARIABLES

Identifier                                  Average   Half Width  Minimum    Maximum   Observations
___________________________________________________________________________________________________

TiempoTotalEstacion1                        18.875     (Insuf)    18.750     19.000          2    
TiempoTotalEstacion2                        15.875     (Insuf)    15.750     16.000          2    
TiempoTotalEstacion3                        12.875     (Insuf)    12.750     13.000          2    
TiempoTotalOperacionesEstacion1             7.7500     (Insuf)    7.7500     7.7500          2    
TiempoTotalOperacionesEstacion2             11.875     (Insuf)    11.750     12.000          2    
TiempoTotalOperacionesEstacion3             12.875     (Insuf)    12.750     13.000          2    
Avion.VATime                                31.500     (Insuf)    31.500     31.500          2    
Avion.NVATime                               .00000     (Insuf)    .00000     .00000          2    
Avion.WaitTime                              10.500     (Insuf)    1.0000     20.000          2    
Avion.TranTime                              9.0000     (Insuf)    9.0000     9.0000          2    
Avion.OtherTime                             .00000     (Insuf)    .00000     .00000          2    
Avion.TotalTime                             51.000     (Insuf)    41.500     60.500          2    
Operacion 3 Estacion 1.Queue.WaitingTime    .00000     (Insuf)    .00000     .00000          2    
Operacion 3 Estacion 2.Queue.WaitingTime    .00000     (Insuf)    .00000     .00000          2    
Avion en Espera en Estacion 1.Queue.Waitin  11.125     (Insuf)    11.000     11.250          2    
Operacion 2 Estacion 1.Queue.WaitingTime    .00000     (Insuf)    .00000     .00000          2    
Operacion 3 Estacion 3.Queue.WaitingTime    .00000     (Insuf)    .00000     .00000          2    
Avion en Espera en Estacion 2.Queue.Waitin  4.0000     (Insuf)    3.7500     4.2500          2    
Operacion 2 Estacion 2.Queue.WaitingTime    .00000     (Insuf)    .00000     .00000          2    
Operacion 1 Estacion 1.Queue.WaitingTime    .00000     (Insuf)    .00000     .00000          2    
Operacion 2 Estacion 3.Queue.WaitingTime    .00000     (Insuf)    .00000     .00000          2    
Operacion 1 Estacion 2.Queue.WaitingTime    .00000     (Insuf)    .00000     .00000          2    
Guardar Copias.Queue.WaitingTime            18.875     (Insuf)    18.750     19.000          2    
Operacion 1 Estacion 3.Queue.WaitingTime    .00000     (Insuf)    .00000     .00000          2    

                                     DISCRETE-CHANGE VARIABLES

Identifier                                  Average   Half Width  Minimum    Maximum   Final Value
___________________________________________________________________________________________________

Avion.WIP                                   4.0000     (Insuf)    3.0000     4.0000     4.0000    
Herramienta 1.NumberBusy                    .56494     (Insuf)    .00000     1.0000     1.0000    
Herramienta 1.NumberScheduled               .96753     (Insuf)    .00000     1.0000     1.0000    
Herramienta 1.Utilization                   .56494     (Insuf)    .00000     1.0000     1.0000    
Herramienta 2.NumberBusy                    .49351     (Insuf)    .00000     1.0000     .00000    
Herramienta 2.NumberScheduled               .96753     (Insuf)    .00000     1.0000     1.0000    
Herramienta 2.Utilization                   .49351     (Insuf)    .00000     1.0000     .00000    
Herramienta 3.NumberBusy                    .07792     (Insuf)    .00000     1.0000     .00000    
Herramienta 3.NumberScheduled               .96753     (Insuf)    .00000     1.0000     1.0000    
Herramienta 3.Utilization                   .07792     (Insuf)    .00000     1.0000     .00000    
Herramienta 4.NumberBusy                    .51948     (Insuf)    .00000     1.0000     .00000    
Herramienta 4.NumberScheduled               .96753     (Insuf)    .00000     1.0000     1.0000    
Herramienta 4.Utilization                   .51948     (Insuf)    .00000     1.0000     .00000    
Operacion 3 Estacion 1.Queue.NumberInQueue  .00000     (Insuf)    .00000     .00000     .00000    
Operacion 3 Estacion 2.Queue.NumberInQueue  .00000     (Insuf)    .00000     .00000     .00000    
Avion en Espera en Estacion 1.Queue.Number  .57792     (Insuf)    .00000     1.0000     .00000    
Operacion 2 Estacion 1.Queue.NumberInQueue  .00000     (Insuf)    .00000     .00000     .00000    
Operacion 3 Estacion 3.Queue.NumberInQueue  .00000     (Insuf)    .00000     .00000     .00000    
Avion en Espera en Estacion 2.Queue.Number  .20779     (Insuf)    .00000     1.0000     .00000    
Operacion 2 Estacion 2.Queue.NumberInQueue  .00000     (Insuf)    .00000     .00000     .00000    
Operacion 1 Estacion 1.Queue.NumberInQueue  .00000     (Insuf)    .00000     .00000     .00000    
Operacion 2 Estacion 3.Queue.NumberInQueue  .00000     (Insuf)    .00000     .00000     .00000    
Operacion 1 Estacion 2.Queue.NumberInQueue  .00000     (Insuf)    .00000     .00000     .00000    
Guardar Copias.Queue.NumberInQueue          1.0000     (Insuf)    .00000     1.0000     1.0000    
Operacion 1 Estacion 3.Queue.NumberInQueue  .00000     (Insuf)    .00000     .00000     .00000    

                                             OUTPUTS

Identifier                                   Value
_____________________________________________________________

Avion.NumberIn                              2.0000    
Avion.NumberOut                             2.0000    
Herramienta 1.NumberSeized                  6.0000    
Herramienta 1.ScheduledUtilization          .58389    
Herramienta 2.NumberSeized                  6.0000    
Herramienta 2.ScheduledUtilization          .51007    
Herramienta 3.NumberSeized                  2.0000    
Herramienta 3.ScheduledUtilization          .08054    
Herramienta 4.NumberSeized                  4.0000    
Herramienta 4.ScheduledUtilization          .53691    
System.NumberOut                            2.0000    


Simulation run time: 1.07 minutes.
Simulation run complete.
